[2017-03-29 17:07:46.960488]: user 12 movie_score [480.0, 0.8925333812839363] [70.0, 0.7689080712319045] 
[2017-03-29 17:07:46.960700]: user 12 num 2 recommend [480.0, 0.8925333812839363] [70.0, 0.7689080712319045] 
[2017-04-10 18:14:45.131019]: user 13 movie_score [  1.19155000e+05   5.11184843e-01] [  4.69720000e+04   5.07438302e-01] [  5.88000000e+02   5.02076491e-01] 
[2017-04-10 18:25:41.104978]: user 13 movie_score [  1.19155000e+05   5.11184843e-01] [  4.69720000e+04   5.07438302e-01] [  5.88000000e+02   5.02076491e-01] 
[2017-04-10 14:53:56.926322]: user 17 movie_score [  1.19155000e+05   6.66513516e-01] [  6.13980000e+04   6.66513512e-01] 
[2017-04-10 15:05:56.855022]: user 17 movie_score [  1.19155000e+05   6.66513516e-01] [  6.13980000e+04   6.66513512e-01] 
[2017-04-10 15:14:32.526985]: user 17 movie_score [  1.19155000e+05   6.66513516e-01] [  6.13980000e+04   6.66513512e-01] [  4.69720000e+04   6.50113483e-01] 
[2017-04-10 15:14:32.527218]: user 17 num 3 recommend [119155.0, 0.6665135161574403] [61398.0, 0.6665135123753688] [46972.0, 0.6501134828582715] 
[2017-04-10 15:23:33.689036]: user 17 movie_score [  1.19155000e+05   6.66513516e-01] [  6.13980000e+04   6.66513512e-01] [  4.69720000e+04   6.50113483e-01] 
[2017-04-10 15:23:33.689303]: user 17 num 3 recommend [119155.0, 0.6665135161574403] [61398.0, 0.6665135123753688] [46972.0, 0.6501134828582715] 
[2017-04-10 15:24:54.029328]: user 17 movie_score [  1.19155000e+05   6.66513516e-01] [  6.13980000e+04   6.66513512e-01] [  4.69720000e+04   6.50113483e-01] 
[2017-04-10 15:24:54.029593]: user 17 num 3 recommend [119155.0, 0.6665135161574403] [61398.0, 0.6665135123753688] [46972.0, 0.6501134828582715] 
[2017-04-12 21:09:47.234669]: user 17 movie_score [  1.19155000e+05   6.66513516e-01] [  6.13980000e+04   6.66513512e-01] [  4.69720000e+04   6.50113483e-01] 
[2017-04-12 21:09:47.234810]: user 17 num 3 recommend [119155.0, 0.6665135161574403] [61398.0, 0.6665135123753688] [46972.0, 0.6501134828582715] 
[2017-04-12 21:23:21.721968]: user 17 movie_score [  1.19155000e+05   6.66513516e-01] [  6.13980000e+04   6.66513512e-01] [  4.69720000e+04   6.50113483e-01] 
[2017-04-12 21:23:21.722101]: user 17 num 3 recommend [119155.0, 0.6665135161574403] [61398.0, 0.6665135123753688] [46972.0, 0.6501134828582715] 
[2017-04-13 05:00:08.255681]: user 17 movie_score [  1.19155000e+05   6.66513516e-01] [ 588.           0.6630544] [  1.24600000e+03   6.62583267e-01] [  4.69720000e+04   6.50113483e-01] 
[2017-04-13 05:00:08.255841]: user 17 num 4 recommend [119155.0, 0.6665135161574403] [588.0, 0.6630543975262568] [1246.0, 0.6625832669084998] [46972.0, 0.6501134828582715] 
[2017-04-13 05:01:33.686907]: user 17 movie_score [  1.24600000e+03   3.01194240e-01] [  1.19155000e+05   2.51080784e-01] [  5.88000000e+02   2.48612245e-01] 
[2017-04-13 05:01:33.687087]: user 17 num 3 recommend [1246.0, 0.3011942403946322] [119155.0, 0.25108078397424916] [588.0, 0.24861224470920856] 
[2017-04-13 05:02:35.640209]: user 17 movie_score [  6.13980000e+04   2.48579252e-01] 
[2017-04-13 05:02:35.640340]: user 17 num 1 recommend [61398.0, 0.24857925207706652] 
[2017-04-13 05:04:05.721458]: user 17 movie_score [  1.09487000e+05   2.87971378e-01] 
[2017-04-13 05:04:05.721562]: user 17 num 1 recommend [109487.0, 0.28797137789445043] 
[2017-04-14 01:59:15.719644]: user 17 movie_score [  6.13980000e+04   2.48579252e-01] 
[2017-04-14 01:59:15.719815]: user 17 num 1 recommend [61398.0, 0.24857925207706652] 
[2017-04-14 01:59:42.064556]: user 17 movie_score [  6.87930000e+04   2.73853955e-01] [  1.19155000e+05   2.51080784e-01] [  5.88000000e+02   2.48612245e-01] 
[2017-04-14 01:59:42.064760]: user 17 num 3 recommend [68793.0, 0.27385395519165656] [119155.0, 0.25108078397424916] [588.0, 0.24861224470920856] 
[2017-04-14 02:35:03.149711]: user 17 movie_score [  6.13980000e+04   2.48579252e-01] 
[2017-04-14 02:35:03.149862]: user 17 num 1 recommend [61398.0, 0.24857925207706652] 
[2017-04-14 02:36:25.288946]: user 17 movie_score [  6.13980000e+04   2.48579252e-01] 
[2017-04-14 02:36:25.289298]: user 17 num 1 recommend [61398.0, 0.24857925207706652] 
[2017-04-14 02:38:01.855957]: user 17 movie_score [  6.87930000e+04   2.73853955e-01] [  1.19155000e+05   2.51080784e-01] [  5.88000000e+02   2.48612245e-01] 
[2017-04-14 02:38:01.856109]: user 17 num 3 recommend [68793.0, 0.27385395519165656] [119155.0, 0.25108078397424916] [588.0, 0.24861224470920856] 
[2017-04-14 02:44:17.350449]: user 17 movie_score [  6.87930000e+04   2.73853955e-01] [  1.19155000e+05   2.51080784e-01] [  5.88000000e+02   2.48612245e-01] 
[2017-04-14 02:44:17.350847]: user 17 num 3 recommend [68793.0, 0.27385395519165656] [119155.0, 0.25108078397424916] [588.0, 0.24861224470920856] 
[2017-04-14 02:46:48.677981]: user 17 movie_score [  6.87930000e+04   2.73853955e-01] [  1.19155000e+05   2.51080784e-01] [  5.88000000e+02   2.48612245e-01] 
[2017-04-14 02:46:48.678153]: user 17 num 3 recommend [68793.0, 0.27385395519165656] [119155.0, 0.25108078397424916] [588.0, 0.24861224470920856] 
[2017-04-14 02:50:11.837164]: user 17 movie_score [  6.13980000e+04   2.48579252e-01] 
[2017-04-14 02:50:11.837325]: user 17 num 1 recommend [61398.0, 0.24857925207706652] 
[2017-04-14 02:54:59.512779]: user 17 movie_score [  6.13980000e+04   2.48579252e-01] 
[2017-04-14 02:54:59.512941]: user 17 num 1 recommend [61398.0, 0.24857925207706652] 
[2017-04-14 02:59:40.517893]: user 17 movie_score [  6.13980000e+04   2.48579252e-01] 
[2017-04-14 02:59:40.518032]: user 17 num 1 recommend [61398.0, 0.24857925207706652] 
[2017-04-14 03:03:06.917770]: user 17 movie_score [  4.69720000e+04   2.74190103e-01] [  6.87930000e+04   2.73853955e-01] [  1.19155000e+05   2.51080784e-01] [  5.88000000e+02   2.48612245e-01] 
[2017-04-14 03:03:06.917914]: user 17 num 4 recommend [46972.0, 0.2741901025534298] [68793.0, 0.27385395519165656] [119155.0, 0.25108078397424916] [588.0, 0.24861224470920856] 
